<?xml version="1.0" encoding="UTF-8"?>
<testng-results skipped="0" failed="1" ignored="0" total="5" passed="4">
  <reporter-output>
  </reporter-output>
  <suite name="Default suite" duration-ms="49" started-at="2017-06-20T05:52:47Z" finished-at="2017-06-20T05:52:47Z">
    <groups>
    </groups>
    <test name="Default test" duration-ms="49" started-at="2017-06-20T05:52:47Z" finished-at="2017-06-20T05:52:47Z">
      <class name="com.dataprovider.test.DataProviderTestNGTest">
        <test-method status="PASS" signature="initialize()[pri:0, instance:com.dataprovider.test.DataProviderTestNGTest@4520ebad]" name="initialize" is-config="true" duration-ms="4" started-at="2017-06-20T11:22:47Z" finished-at="2017-06-20T11:22:47Z">
          <reporter-output>
          </reporter-output>
        </test-method> <!-- initialize -->
        <test-method status="FAIL" signature="primeNO(int, java.lang.Boolean)[pri:0, instance:com.dataprovider.test.DataProviderTestNGTest@4520ebad]" name="primeNO" duration-ms="15" started-at="2017-06-20T11:22:47Z" data-provider="test1" finished-at="2017-06-20T11:22:47Z">
          <params>
            <param index="0">
              <value>
                <![CDATA[2]]>
              </value>
            </param>
            <param index="1">
              <value>
                <![CDATA[true]]>
              </value>
            </param>
          </params>
          <exception class="java.lang.AssertionError">
            <message>
              <![CDATA[Number not matchingtrue false expected [false] but found [true]]]>
            </message>
            <full-stacktrace>
              <![CDATA[java.lang.AssertionError: Number not matchingtrue false expected [false] but found [true]
	at org.testng.Assert.fail(Assert.java:93)
	at org.testng.Assert.failNotEquals(Assert.java:512)
	at org.testng.Assert.assertEqualsImpl(Assert.java:134)
	at org.testng.Assert.assertEquals(Assert.java:115)
	at com.dataprovider.test.DataProviderTestNGTest.primeNO(DataProviderTestNGTest.java:24)
	at sun.reflect.NativeMethodAccessorImpl.invoke0(Native Method)
	at sun.reflect.NativeMethodAccessorImpl.invoke(NativeMethodAccessorImpl.java:62)
	at sun.reflect.DelegatingMethodAccessorImpl.invoke(DelegatingMethodAccessorImpl.java:43)
	at java.lang.reflect.Method.invoke(Method.java:497)
	at org.testng.internal.MethodInvocationHelper.invokeMethod(MethodInvocationHelper.java:108)
	at org.testng.internal.Invoker.invokeMethod(Invoker.java:661)
	at org.testng.internal.Invoker.invokeTestMethod(Invoker.java:869)
	at org.testng.internal.Invoker.invokeTestMethods(Invoker.java:1193)
	at org.testng.internal.TestMethodWorker.invokeTestMethods(TestMethodWorker.java:126)
	at org.testng.internal.TestMethodWorker.run(TestMethodWorker.java:109)
	at org.testng.TestRunner.privateRun(TestRunner.java:744)
	at org.testng.TestRunner.run(TestRunner.java:602)
	at org.testng.SuiteRunner.runTest(SuiteRunner.java:380)
	at org.testng.SuiteRunner.runSequentially(SuiteRunner.java:375)
	at org.testng.SuiteRunner.privateRun(SuiteRunner.java:340)
	at org.testng.SuiteRunner.run(SuiteRunner.java:289)
	at org.testng.SuiteRunnerWorker.runSuite(SuiteRunnerWorker.java:52)
	at org.testng.SuiteRunnerWorker.run(SuiteRunnerWorker.java:86)
	at org.testng.TestNG.runSuitesSequentially(TestNG.java:1301)
	at org.testng.TestNG.runSuitesLocally(TestNG.java:1226)
	at org.testng.TestNG.runSuites(TestNG.java:1144)
	at org.testng.TestNG.run(TestNG.java:1115)
	at org.testng.remote.AbstractRemoteTestNG.run(AbstractRemoteTestNG.java:132)
	at org.testng.remote.RemoteTestNG.initAndRun(RemoteTestNG.java:236)
	at org.testng.remote.RemoteTestNG.main(RemoteTestNG.java:81)
]]>
            </full-stacktrace>
          </exception> <!-- java.lang.AssertionError -->
          <reporter-output>
          </reporter-output>
        </test-method> <!-- primeNO -->
        <test-method status="PASS" signature="initialize()[pri:0, instance:com.dataprovider.test.DataProviderTestNGTest@4520ebad]" name="initialize" is-config="true" duration-ms="0" started-at="2017-06-20T11:22:47Z" finished-at="2017-06-20T11:22:47Z">
          <reporter-output>
          </reporter-output>
        </test-method> <!-- initialize -->
        <test-method status="PASS" signature="primeNO(int, java.lang.Boolean)[pri:0, instance:com.dataprovider.test.DataProviderTestNGTest@4520ebad]" name="primeNO" duration-ms="1" started-at="2017-06-20T11:22:47Z" data-provider="test1" finished-at="2017-06-20T11:22:47Z">
          <params>
            <param index="0">
              <value>
                <![CDATA[6]]>
              </value>
            </param>
            <param index="1">
              <value>
                <![CDATA[false]]>
              </value>
            </param>
          </params>
          <reporter-output>
          </reporter-output>
        </test-method> <!-- primeNO -->
        <test-method status="PASS" signature="initialize()[pri:0, instance:com.dataprovider.test.DataProviderTestNGTest@4520ebad]" name="initialize" is-config="true" duration-ms="0" started-at="2017-06-20T11:22:47Z" finished-at="2017-06-20T11:22:47Z">
          <reporter-output>
          </reporter-output>
        </test-method> <!-- initialize -->
        <test-method status="PASS" signature="primeNO(int, java.lang.Boolean)[pri:0, instance:com.dataprovider.test.DataProviderTestNGTest@4520ebad]" name="primeNO" duration-ms="1" started-at="2017-06-20T11:22:47Z" data-provider="test1" finished-at="2017-06-20T11:22:47Z">
          <params>
            <param index="0">
              <value>
                <![CDATA[7]]>
              </value>
            </param>
            <param index="1">
              <value>
                <![CDATA[true]]>
              </value>
            </param>
          </params>
          <reporter-output>
          </reporter-output>
        </test-method> <!-- primeNO -->
        <test-method status="PASS" signature="initialize()[pri:0, instance:com.dataprovider.test.DataProviderTestNGTest@4520ebad]" name="initialize" is-config="true" duration-ms="0" started-at="2017-06-20T11:22:47Z" finished-at="2017-06-20T11:22:47Z">
          <reporter-output>
          </reporter-output>
        </test-method> <!-- initialize -->
        <test-method status="PASS" signature="primeNO(int, java.lang.Boolean)[pri:0, instance:com.dataprovider.test.DataProviderTestNGTest@4520ebad]" name="primeNO" duration-ms="1" started-at="2017-06-20T11:22:47Z" data-provider="test1" finished-at="2017-06-20T11:22:47Z">
          <params>
            <param index="0">
              <value>
                <![CDATA[10]]>
              </value>
            </param>
            <param index="1">
              <value>
                <![CDATA[false]]>
              </value>
            </param>
          </params>
          <reporter-output>
          </reporter-output>
        </test-method> <!-- primeNO -->
        <test-method status="PASS" signature="initialize()[pri:0, instance:com.dataprovider.test.DataProviderTestNGTest@4520ebad]" name="initialize" is-config="true" duration-ms="0" started-at="2017-06-20T11:22:47Z" finished-at="2017-06-20T11:22:47Z">
          <reporter-output>
          </reporter-output>
        </test-method> <!-- initialize -->
        <test-method status="PASS" signature="primeNO(int, java.lang.Boolean)[pri:0, instance:com.dataprovider.test.DataProviderTestNGTest@4520ebad]" name="primeNO" duration-ms="1" started-at="2017-06-20T11:22:47Z" data-provider="test1" finished-at="2017-06-20T11:22:47Z">
          <params>
            <param index="0">
              <value>
                <![CDATA[17]]>
              </value>
            </param>
            <param index="1">
              <value>
                <![CDATA[true]]>
              </value>
            </param>
          </params>
          <reporter-output>
          </reporter-output>
        </test-method> <!-- primeNO -->
      </class> <!-- com.dataprovider.test.DataProviderTestNGTest -->
    </test> <!-- Default test -->
  </suite> <!-- Default suite -->
</testng-results>
